(R) Tom McMillen
(R) James White
(R) Dave Stallworth
(R) Randy Denton
(R) Barry Yates
(R) Herb White
(R) Bob Verga
(R) Leo Kubiak
(R) Ken Mayfield
(R) Byron Beck
[0] ## 3187 ## Rajon Rondo ## 185 ## 84 ## 1986 ## University of Kentucky ## Louisville ## Kentucky ## 
[1] ## 477 ## Steve Hamilton ## 198 ## 86 ## 1935 ## Morehead State University ## Columbia ## Kentucky ## 
[2] ## 3588 ## Terrence Ross ## 201 ## 93 ## 1991 ## University of Washington ## Portland ## Oregon ## 
[3] ## 627 ## Joe Caldwell ## 196 ## 88 ## 1941 ## Arizona State University ## Texas City ## Texas ## 
[4] ## 3176 ## David Noel ## 198 ## 104 ## 1984 ## University of North Carolina ## Durham ## North Carolina ## 
[5] ## 506 ## Bobby Smith ## 193 ## 86 ## 1937 ## West Virginia University ## nao informado ## nao informado ## 
[6] ## 3670 ## Peyton Siva ## 183 ## 83 ## 1990 ## University of Louisville ## Seattle ## Washington ## 
[7] ## 3040 ## Damien Wilkins ## 208 ## 99 ## 1960 ## Idaho State University ## Pocatello ## Idaho ## 
[8] ## 413 ## Kenny Sears ## 206 ## 89 ## 1933 ## Santa Clara University ## Watsonville ## California ## 
[9] ## 3501 ## Daniel Orton ## 208 ## 115 ## 1990 ## University of Kentucky ## Oklahoma City ## Oklahoma ## 
[10] ## 1016 ## Slick Watts ## 185 ## 79 ## 1951 ## Xavier University of Louisiana ## Rolling Ford ## Mississippi ## 
[11] ## 1091 ## Robert Hawkins ## 193 ## 86 ## 1954 ## Illinois State University ## Detroit ## Michigan ## 
[12] ## 1115 ## John Shumate ## 206 ## 106 ## 1952 ## University of Notre Dame ## Greenville ## South Carolina ## 
[13] ## 3611 ## Anthony Bennett ## 203 ## 111 ## 1993 ## University of Nevada - Las Vegas ## Toronto ## Canada ## 
[14] ## 2834 ## Leon Smith ## 208 ## 106 ## 1980 ## nao informado ## Chicago ## Illinois ## 
[15] ## 3500 ## Markieff Morris ## 188 ## 88 ## 1925 ## Northwestern University ## nao informado ## nao informado ## 
[16] ## 818 ## John Warren ## 190 ## 81 ## 1947 ## St. John's University ## Sparta ## Georgia ## 
[17] ## 816 ## Norm Van ## 196 ## 86 ## 1939 ## nao informado ## nao informado ## nao informado ## 
[18] ## 3169 ## Damir Markota ## 208 ## 102 ## 1985 ## nao informado ## Sarajevo ## Bosnia and Herzegovina ## 
[19] ## 1156 ## Gus Gerard ## 203 ## 90 ## 1953 ## University of Virginia ## Uniontown ## Pennsylvania ## 
[20] ## 1176 ## Goo Kennedy ## 196 ## 92 ## 1949 ## Texas Christian University ## Charlotte ## North Carolina ## 
[21] ## 1187 ## Andre McCarter ## 190 ## 86 ## 1953 ## University of California - Los Angeles ## Philadelphia ## Pennsylvania ## 
[22] ## 1210 ## Brian Taylor ## 188 ## 83 ## 1951 ## Princeton University ## Perth Amboy ## New Jersey ## 
[23] ## 1269 ## Cedric Maxwell ## 203 ## 92 ## 1955 ## University of North Carolina at Charlotte ## Kinston ## North Carolina ## 
[24] ## 130 ## Vern Mikkelsen* ## 201 ## 104 ## 1928 ## Hamline University ## Fresno ## California ## 
[25] ## 131 ## Al Miksis ## 201 ## 95 ## 1928 ## Western Illinois University ## nao informado ## nao informado ## 
[26] ## 1363 ## Geoff Huston ## 188 ## 79 ## 1957 ## Texas Tech University ## Brooklyn ## New York ## 
[27] ## 1403 ## Earl Cureton ## 206 ## 95 ## 1957 ## University of Detroit Mercy ## Detroit ## Michigan ## 
[28] ## 1473 ## Ray Blume ## 193 ## 83 ## 1958 ## Oregon State University ## Valdosta ## Georgia ## 
[29] ## 1493 ## Clay Johnson ## 208 ## 108 ## 1956 ## Florida Agricultural and Mechanical University ## Monticello ## Florida ## 
[30] ## 1508 ## Kurt Nimphius ## 208 ## 98 ## 1958 ## Arizona State University ## Milwaukee ## Wisconsin ## 
[31] ## 1514 ## Jim Smith ## 206 ## 102 ## 1958 ## Ohio State University ## Cleveland ## Ohio ## 
[32] ## 1520 ## Darnell Valentine ## 185 ## 83 ## 1959 ## University of Kansas ## Chicago ## Illinois ## 
[33] ## 1523 ## Danny Vranes ## 201 ## 95 ## 1958 ## University of Utah ## Salt Lake City ## Utah ## 
[34] ## 1544 ## Bruce Flowers ## 203 ## 102 ## 1957 ## University of Notre Dame ## Rochester ## New York ## 
[35] ## 1580 ## David Thirdkill ## 201 ## 88 ## 1960 ## Bradley University ## St. Louis ## Missouri ## 
[36] ## 1594 ## Thurl Bailey ## 211 ## 97 ## 1961 ## North Carolina State University ## Washington ## District of Columbia ## 
[37] ## 1666 ## Vern Fleming ## 196 ## 83 ## 1962 ## University of Georgia ## New York ## New York ## 
[38] ## 167 ## Don Ray ## 196 ## 86 ## 1921 ## Western Kentucky University ## Mt. Juliet ## Tennessee ## 
[39] ## 1682 ## Gary Plummer ## 206 ## 97 ## 1962 ## Boston University ## Highland Park ## Michigan ## 
[40] ## 169 ## Arnie Risen* ## 206 ## 90 ## 1924 ## Ohio State University ## Williamstown ## Kentucky ## 
[41] ## 1718 ## Ron Crevier ## 213 ## 106 ## 1958 ## Boston College ## Montreal ## Canada ## 
[42] ## 1728 ## Jerome Henderson ## 211 ## 104 ## 1959 ## University of New Mexico ## Los Angeles ## California ## 
[43] ## 1747 ## Charles Oakley ## 203 ## 102 ## 1963 ## Virginia Union University ## Cleveland ## Ohio ## 
[44] ## 1773 ## Joe Binion ## 203 ## 106 ## 1961 ## North Carolina Agricultural and Technical State University ## Rochester ## New York ## 
[45] ## 1779 ## Johnny Dawkins ## 188 ## 74 ## 1963 ## Duke University ## Washington ## District of Columbia ## 
[46] ## 1813 ## Ron Rowan ## 196 ## 90 ## 1962 ## St. John's University ## New Brighton ## Pennsylvania ## 
[47] ## 1841 ## Billy Donovan ## 180 ## 77 ## 1965 ## Providence College ## Rockville Centre ## New York ## 
[48] ## 1847 ## Armen Gilliam ## 206 ## 104 ## 1964 ## University of Nevada - Las Vegas ## Pittsburgh ## Pennsylvania ## 
[49] ## 1857 ## Bart Kofoed ## 193 ## 95 ## 1964 ## University of Nebraska at Kearney ## Omaha ## Nebraska ## 
[50] ## 1891 ## Michael Anderson ## 180 ## 83 ## 1966 ## Drexel University ## Philadelphia ## Pennsylvania ## 
[51] ## 2038 ## Jay Taylor ## 190 ## 86 ## 1967 ## Eastern Illinois University ## Aurora ## Illinois ## 
[52] ## 2050 ## Milos Babic ## 213 ## 108 ## 1968 ## Tennessee Technological University ## Kraljevo ## Serbia ## 
[53] ## 2055 ## Jud Buechler ## 198 ## 99 ## 1968 ## University of Arizona ## San Diego ## California ## 
[54] ## 2071 ## Tate George ## 196 ## 86 ## 1968 ## University of Connecticut ## Newark ## New Jersey ## 
[55] ## 2089 ## Tony Massenburg ## 206 ## 99 ## 1967 ## University of Maryland ## Sussex ## Virginia ## 
[56] ## 2095 ## Alan Ogg ## 218 ## 108 ## 1967 ## University of Alabama at Birmingham ## Lancaster ## Ohio ## 
[57] ## 2113 ## Jayson Williams ## 206 ## 108 ## 1968 ## St. John's University ## Ritter ## South Carolina ## 
[58] ## 2149 ## Mike Iuzzolino ## 178 ## 79 ## 1968 ## Saint Francis University ## Altoona ## Pennsylvania ## 
[59] ## 2161 ## Billy Owens ## 203 ## 99 ## 1969 ## Syracuse University ## Carlisle ## Pennsylvania ## 
[60] ## 2186 ## Walter Bond ## 196 ## 90 ## 1969 ## University of Minnesota ## Chicago ## Illinois ## 
[61] ## 2194 ## Hubert Davis ## 196 ## 83 ## 1970 ## University of North Carolina ## Winston-Salem ## North Carolina ## 
[62] ## 2235 ## Barry Stevens ## 196 ## 88 ## 1963 ## Iowa State University ## Flint ## Michigan ## 
[63] ## 2253 ## Sam Cassell ## 190 ## 83 ## 1969 ## Florida State University ## Baltimore ## Maryland ## 
[64] ## 2299 ## Mike Peplowski ## 208 ## 122 ## 1970 ## Michigan State University ## Detroit ## Michigan ## 
[65] ## 2318 ## Darrell Armstrong ## 183 ## 77 ## 1968 ## Fayetteville State University ## Gastonia ## North Carolina ## 
[66] ## 2343 ## Aaron McKie ## 196 ## 94 ## 1972 ## Temple University ## Philadelphia ## Pennsylvania ## 
[67] ## 2356 ## Khalid Reeves ## 190 ## 90 ## 1972 ## University of Arizona ## Queens ## New York ## 
[68] ## 2367 ## Brooks Thompson ## 193 ## 87 ## 1970 ## Oklahoma State University ## Dallas ## Texas ## 
[69] ## 2437 ## Bob Sura ## 196 ## 90 ## 1973 ## Florida State University ## Wilkes-Barre ## Pennsylvania ## 
[70] ## 2493 ## Gaylon Nickerson ## 190 ## 86 ## 1969 ## Northwestern Oklahoma State University ## Osecola ## Arkansas ## 
[71] ## 2526 ## Rick Brunson ## 193 ## 86 ## 1972 ## Temple University ## Syracuse ## New York ## 
[72] ## 2550 ## Dontae' Jones ## 203 ## 99 ## 1975 ## Mississippi State University ## Nashville ## Tennessee ## 
[73] ## 259 ## Nate DeLong ## 198 ## 99 ## 1926 ## University of Wisconsin-River Falls ## nao informado ## nao informado ## 
[74] ## 26 ## Al Cervi* ## 180 ## 77 ## 1917 ## nao informado ## Buffalo ## New York ## 
[75] ## 2629 ## Ruben Patterson ## 196 ## 101 ## 1975 ## University of Cincinnati ## Cleveland ## Ohio ## 
[76] ## 2644 ## Jason Williams ## 206 ## 108 ## 1968 ## St. John's University ## Ritter ## South Carolina ## 
[77] ## 2710 ## Erick Barkley ## 185 ## 80 ## 1978 ## St. John's University ## Queens ## New York ## 
[78] ## 2742 ## Chris Mihm ## 213 ## 120 ## 1979 ## University of Texas at Austin ## Milwaukee ## Wisconsin ## 
[79] ## 275 ## Ray Ragelis ## 193 ## 92 ## 1928 ## Northwestern University ## nao informado ## nao informado ## 
[80] ## 278 ## Don Savage ## 190 ## 92 ## 1928 ## LeMoyne College ## nao informado ## nao informado ## 
[81] ## 2816 ## Richard Jefferson ## 201 ## 105 ## 1980 ## University of Arizona ## Los Angeles ## California ## 
[82] ## 282 ## Jim Slaughter ## 211 ## 95 ## 1928 ## University of South Carolina ## nao informado ## nao informado ## 
[83] ## 2870 ## Casey Jacobsen ## 198 ## 97 ## 1981 ## Stanford University ## Glendora ## California ## 
[84] ## 290 ## Blaine Denning ## 188 ## 79 ## 1930 ## Lawrence Technological University ## nao informado ## nao informado ## 
[85] ## 2922 ## Omar Cook ## 185 ## 86 ## 1982 ## St. John's University ## Brooklyn ## New York ## 
[86] ## 2942 ## Josh Howard ## 201 ## 95 ## 1980 ## Wake Forest University ## Winston-Salem ## North Carolina ## 
[87] ## 3020 ## Jared Reiner ## 211 ## 115 ## 1982 ## University of Iowa ## Tripp ## South Dakota ## 
[88] ## 3039 ## Delonte West ## 193 ## 81 ## 1983 ## Saint Joseph's University ## Washington ## District of Columbia ## 
[89] ## 3040 ## Damien Wilkins ## 208 ## 99 ## 1960 ## Idaho State University ## Pocatello ## Idaho ## 
[90] ## 3093 ## Boniface N'Dong ## 213 ## 89 ## 1977 ## nao informado ## Dakar ## Senegal ## 
[91] ## 3105 ## Alex Scales ## 193 ## 83 ## 1978 ## University of Oregon ## Racine ## Wisconsin ## 
[92] ## 3148 ## Jordan Farmar ## 188 ## 81 ## 1986 ## University of California - Los Angeles ## Los Angeles ## California ## 
[93] ## 3171 ## Ivan McFarlin ## 203 ## 108 ## 1982 ## Oklahoma State University ## Missouri City ## Texas ## 
[94] ## 3195 ## Vassilis Spanoulis ## 193 ## 88 ## 1982 ## nao informado ## Larissa ## Greece ## 
[95] ## 3209 ## Marco Belinelli ## 196 ## 95 ## 1986 ## nao informado ## Bologna ## Italy ## 
[96] ## 3260 ## C.J. Watson ## 211 ## 117 ## 1984 ## nao informado ## nao informado ## nao informado ## 
[97] ## 3273 ## Jerryd Bayless ## 190 ## 90 ## 1988 ## University of Arizona ## Phoenix ## Arizona ## 
[98] ## 3297 ## Trey Johnson ## 196 ## 98 ## 1984 ## Jackson State University ## Jackson ## Mississippi ## 
[99] ## 3320 ## Anthony Tolliver ## 203 ## 108 ## 1985 ## Creighton University ## Springfield ## Missouri ## 
[100] ## 3354 ## Danny Green ## 206 ## 100 ## 1957 ## University of California - Los Angeles ## Lynwood ## California ## 
[101] ## 3428 ## Hamady N'Diaye ## 213 ## 106 ## 1987 ## Rutgers University ## Dakar ## Senegal ## 
[102] ## 3447 ## Ben Uzoh ## 190 ## 92 ## 1988 ## University of Tulsa ## Houston ## Texas ## 
[103] ## 3490 ## Malcolm Lee ## 196 ## 90 ## 1990 ## University of California - Los Angeles ## Riverside ## California ## 
[104] ## 3493 ## Jon Leuer ## 208 ## 103 ## 1989 ## University of Wisconsin ## Long Lake ## Minnesota ## 
[105] ## 35 ## Dillard Crocker ## 193 ## 92 ## 1925 ## Western Michigan University ## Coffee County ## Tennessee ## 
[106] ## 3504 ## Ryan Reid ## 203 ## 105 ## 1986 ## Florida State University ## Lauderdale Lakes ## Florida ## 
[107] ## 3507 ## Iman Shumpert ## 196 ## 99 ## 1990 ## Georgia Institute of Technology ## Oak Park ## Illinois ## 
[108] ## 3586 ## Brian Roberts ## 185 ## 78 ## 1985 ## University of Dayton ## Toledo ## Ohio ## 
[109] ## 3691 ## Bruno Caboclo ## 206 ## 98 ## 1995 ## nao informado ## Osasco ## Brazil ## 
[110] ## 3698 ## Andre Dawkins ## 196 ## 97 ## 1991 ## Duke University ## Fairfax ## Virginia ## 
[111] ## 3703 ## Tyler Ennis ## 190 ## 87 ## 1994 ## Syracuse University ## Brampton ## Canada ## 
[112] ## 3760 ## James Young ## 198 ## 97 ## 1995 ## University of Kentucky ## Flint ## Michigan ## 
[113] ## 3820 ## Jonathon Simmons ## 185 ## 83 ## 1924 ## New York University ## Birmingham ## Alabama ## 
[114] ## 397 ## Al Ferrari ## 193 ## 86 ## 1933 ## Michigan State University ## New York ## New York ## 
[115] ## 421 ## Gary Bergen ## 203 ## 95 ## 1932 ## University of Utah ## Independence ## Missouri ## 
[116] ## 458 ## Ray Radziszewski ## 196 ## 95 ## 1935 ## Saint Joseph's University ## nao informado ## nao informado ## 
[117] ## 490 ## Gary Alcorn ## 206 ## 102 ## 1936 ## California State University - Fresno ## nao informado ## nao informado ## 
[118] ## 51 ## George Feigenbaum ## 185 ## 83 ## 1929 ## University of Kentucky ## nao informado ## nao informado ## 
[119] ## 589 ## Jeff Slade ## 198 ## 99 ## 1941 ## Kenyon College ## nao informado ## nao informado ## 
[120] ## 605 ## Jerry Harkness ## 188 ## 79 ## 1940 ## Loyola University of Chicago ## New York ## New York ## 
[121] ## 618 ## Tom Thacker ## 188 ## 77 ## 1939 ## University of Cincinnati ## Covington ## Kentucky ## 
[122] ## 642 ## Cotton Nash ## 196 ## 97 ## 1942 ## University of Kentucky ## Jersey City ## New Jersey ## 
[123] ## 702 ## Bud Acton ## 198 ## 95 ## 1942 ## Hillsdale College ## nao informado ## nao informado ## 
[124] ## 732 ## George Patterson ## 203 ## 104 ## 1939 ## University of Toledo ## nao informado ## nao informado ## 
[125] ## 77 ## Bob Harrison ## 201 ## 88 ## 1927 ## Oklahoma State University ## Linden ## Tennessee ## 
[126] ## 777 ## Bob Quick ## 196 ## 97 ## 1946 ## Xavier University ## Thornton ## Mississippi ## 
[127] ## 784 ## Wes Unseld* ## 201 ## 111 ## 1946 ## University of Louisville ## Louisville ## Kentucky ## 
[128] ## 881 ## Willie Williams ## 201 ## 90 ## 1946 ## Florida State University ## nao informado ## nao informado ## 
[129] ## 907 ## Cliff Meely ## 203 ## 97 ## 1947 ## University of Colorado ## Rosedale ## Mississippi ## 
[130] ## 913 ## Steve Patterson ## 206 ## 102 ## 1948 ## University of California - Los Angeles ## Riverside ## California ## 
[131] ## 931 ## Charlie Yelverton ## 188 ## 86 ## 1948 ## Fordham University ## nao informado ## nao informado ## 
[132] ## 935 ## John Brisker ## 196 ## 95 ## 1947 ## University of Toledo ## Detroit ## Michigan ## 
[133] ## 939 ## Dwight Davis ## 203 ## 99 ## 1949 ## University of Houston ## Houston ## Texas ## 
[134] ## 972 ## Justus Thigpen ## 185 ## 72 ## 1947 ## Weber State University ## nao informado ## nao informado ## 
[135] ## 987 ## Doug Collins ## 198 ## 81 ## 1951 ## Illinois State University ## Christopher ## Illinois ## 
[136] ## 971 ## Chuck Terry ## 198 ## 97 ## 1950 ## California State University - Long Beach ## Long Beach ## California ## 
[137] ## 993 ## Rod Freeman ## 201 ## 102 ## 1950 ## Vanderbilt University ## nao informado ## nao informado ## 
