[1086 ## Donnie Freeman ## 190 ## 83 ## 1944 ## University of Illinois at Urbana-Champaign ## Madison ## Illinois]
[1131 ## Quinn Buckner ## 190 ## 86 ## 1954 ## Indiana University ## Phoenix ## Illinois]
[1699 ## Eddie Lee ## 190 ## 88 ## 1962 ## nao informado ## nao informado ## nao informado]
[1752 ## Jerry Reynolds ## 203 ## 90 ## 1962 ## Louisiana State University ## Brooklyn ## New York]
[1777 ## Dell Curry ## 193 ## 86 ## 1964 ## Virginia Polytechnic Institute and State University ## Harrisonburg ## Virginia]
[1867 ## Martin Nessley ## 218 ## 117 ## 1965 ## Duke University ## Columbus ## Ohio]
[2022 ## Dyron Nix ## 201 ## 95 ## 1967 ## University of Tennessee ## Meridian ## Mississippi]
[2054 ## Dee Brown ## 185 ## 72 ## 1968 ## Jacksonville University ## Jacksonville ## Florida]
[2219 ## Alonzo Mourning* ## 208 ## 108 ## 1970 ## Georgetown University ## Chesapeake ## Virginia]
[2487 ## Walter McCarty ## 208 ## 104 ## 1974 ## University of Kentucky ## Evansville ## Indiana]
[26 ## Al Cervi* ## 180 ## 77 ## 1917 ## nao informado ## Buffalo ## New York]
[2607 ## Antawn Jamison ## 203 ## 101 ## 1976 ## University of North Carolina ## Shreveport ## Louisiana]
[29 ## Bill Closs ## 196 ## 88 ## 1922 ## Rice University ## Edge ## Texas]
[3054 ## Jose Calderon ## 190 ## 90 ## 1981 ## nao informado ## Villanueva de la Serena ## Spain]
[3070 ## Devin Green ## 201 ## 95 ## 1982 ## Hampton University ## Columbus ## Ohio]
[32 ## Bobby Cook ## 178 ## 70 ## 1923 ## University of Wisconsin ## nao informado ## nao informado]
[3241 ## Juan Carlos ## 203 ## 92 ## 1980 ## nao informado ## nao informado ## nao informado]
[3280 ## Goran Dragic ## 190 ## 86 ## 1986 ## nao informado ## Ljubljana ## Slovenia]
[3338 ## Omri Casspi ## 206 ## 102 ## 1988 ## nao informado ## Holon ## Israel]
[3377 ## DaJuan Summers ## 203 ## 104 ## 1988 ## Georgetown University ## Baltimore ## Maryland]
[3746 ## Damjan Rudez ## 208 ## 103 ## 1986 ## nao informado ## Zagreb ## Croatia]
[3821 ## Alex Stepheson ## 208 ## 122 ## 1987 ## University of Southern California ## Los Angeles ## California]
[599 ## Gene Wiley ## 208 ## 95 ## 1937 ## Wichita State University ## nao informado ## nao informado]
[640 ## McCoy McLemore ## 201 ## 104 ## 1942 ## Drake University ## Houston ## Texas]
[673 ## Jim Barnett ## 203 ## 95 ## 1941 ## University of Texas at El Paso ## Tuckerman ## Arkansas]
[71 ## Chick Halbert ## 206 ## 102 ## 1919 ## West Texas A&M University ## Albany ## Texas]
[832 ## Pete Cross ## 206 ## 104 ## 1948 ## University of San Francisco ## nao informado ## nao informado]
[886 ## Vic Bartolome ## 213 ## 104 ## 1948 ## Oregon State University ## nao informado ## nao informado]
